<?xml version="1.0" encoding="UTF-8"?>
<!-- Generated by org.testng.reporters.JUnitReportReporter -->
<testsuite hostname="HP-PC" name="com.webservices_Framework.tests.GetAllUsers" tests="4" failures="0" timestamp="29 Feb 2020 13:46:49 GMT" time="6.004" errors="0">
  <testcase name="getSingleUser" time="0.651" classname="com.webservices_Framework.tests.GetAllUsers"/>
  <testcase name="getUserMailId" time="1.251" classname="com.webservices_Framework.tests.GetAllUsers"/>
  <testcase name="getAllUsers" time="2.665" classname="com.webservices_Framework.tests.GetAllUsers"/>
  <testcase name="getUsersFirstName" time="1.437" classname="com.webservices_Framework.tests.GetAllUsers"/>
</testsuite> <!-- com.webservices_Framework.tests.GetAllUsers -->
